mktextfm XBNazanin/ICU
mktextfm XBNazanin/ICU
mktextfm XBZiba/ICU
mktextfm XBZiba/ICU
mktextfm XBNazanin/ICU
mktextfm XBNazanin/ICU
mktextfm B
mktextfm B
mktextfm XBNazanin
mktextfm XBNazanin
mktextfm XBNazanin
mktextfm XBNazanin
mktextfm XBNazanin/B
mktextfm XBNazanin
mktextfm XBNazanin/I
mktextfm XBNazanin
mktextfm XBNazanin/BI
mktextfm XBNazanin
mktextfm XBNazanin
mktextfm XBNazanin
mktextfm XBNazanin
mktextfm XBNazanin
mktextfm XBNazanin
mktextfm XBNazanin
mktextfm XBNazanin
mktextfm XBNazanin
mktextfm XBNazanin
mktextfm XBNazanin
mktextfm XBNazanin
mktextfm XBNazanin
mktextfm XBNazanin
mktextfm XBNazanin
mktextfm XBNazanin
mktextfm XBNazanin
mktextfm XBNazanin
mktextfm XBNazanin
mktextfm XBNazanin
mktextfm XBNazanin/B
mktextfm XBNazanin
mktextfm XBNazanin/I
mktextfm XBNazanin
mktextfm XBNazanin/BI
mktextfm XBNazanin
mktextfm XBNazanin
mktextfm XBNazanin
mktextfm XBNazanin
mktextfm XBNazanin
mktextfm XBNazanin
mktextfm XBNazanin
mktextfm XBNazanin
mktextfm XBNazanin
mktextfm XBNazanin
mktextfm XBNazanin
mktextfm XBNazanin
mktextfm XBNazanin
mktextfm XBNazanin
mktextfm XBNazanin
mktextfm XBNazanin
